INFO: [VRFC 10-2263] Analyzing Verilog file "C:/redpitaya_guide-master/projects/pet_scan/pet_controller/pet_controller.sim/sim_1/synth/func/xsim/system_wrapper_func_synth.v" into library xil_defaultlib
INFO: [VRFC 10-311] analyzing module Lateral_imp_MJ3J2S
INFO: [VRFC 10-311] analyzing module Rotation_imp_1WQR1HY
INFO: [VRFC 10-311] analyzing module s00_couplers_imp_11SE3QO
INFO: [VRFC 10-311] analyzing module system
INFO: [VRFC 10-311] analyzing module system_ADCThresholder_0_0
INFO: [VRFC 10-311] analyzing module system_ADCThresholder_0_0_ADCThresholder
INFO: [VRFC 10-311] analyzing module system_Debouncer_0_0
INFO: [VRFC 10-311] analyzing module system_Debouncer_0_0_Debouncer
INFO: [VRFC 10-311] analyzing module system_Debouncer_0_1
INFO: [VRFC 10-311] analyzing module system_Debouncer_0_1_Debouncer
INFO: [VRFC 10-311] analyzing module system_Debouncer_1_0
INFO: [VRFC 10-311] analyzing module system_Debouncer_1_0_Debouncer
INFO: [VRFC 10-311] analyzing module system_LateralControl_0_0
INFO: [VRFC 10-311] analyzing module system_RotationalControl_0_0
INFO: [VRFC 10-311] analyzing module system_RotationalControl_0_0_RotationalControl
INFO: [VRFC 10-311] analyzing module system_auto_pc_0
INFO: [VRFC 10-311] analyzing module system_auto_pc_0__axi_protocol_converter_v2_1_21_axi_protocol_converter
INFO: [VRFC 10-311] analyzing module system_auto_pc_0__axi_protocol_converter_v2_1_21_b2s
INFO: [VRFC 10-311] analyzing module system_auto_pc_0__axi_protocol_converter_v2_1_21_b2s_ar_channel
INFO: [VRFC 10-311] analyzing module system_auto_pc_0__axi_protocol_converter_v2_1_21_b2s_aw_channel
INFO: [VRFC 10-311] analyzing module system_auto_pc_0__axi_protocol_converter_v2_1_21_b2s_b_channel
INFO: [VRFC 10-311] analyzing module system_auto_pc_0__axi_protocol_converter_v2_1_21_b2s_cmd_translator
INFO: [VRFC 10-311] analyzing module system_auto_pc_0__axi_protocol_converter_v2_1_21_b2s_cmd_translator_1
INFO: [VRFC 10-311] analyzing module system_auto_pc_0__axi_protocol_converter_v2_1_21_b2s_incr_cmd
INFO: [VRFC 10-311] analyzing module system_auto_pc_0__axi_protocol_converter_v2_1_21_b2s_incr_cmd_2
INFO: [VRFC 10-311] analyzing module system_auto_pc_0__axi_protocol_converter_v2_1_21_b2s_r_channel
INFO: [VRFC 10-311] analyzing module system_auto_pc_0__axi_protocol_converter_v2_1_21_b2s_rd_cmd_fsm
INFO: [VRFC 10-311] analyzing module system_auto_pc_0__axi_protocol_converter_v2_1_21_b2s_simple_fifo
INFO: [VRFC 10-311] analyzing module system_auto_pc_0__axi_protocol_converter_v2_1_21_b2s_simple_fifo__parameterized0
INFO: [VRFC 10-311] analyzing module system_auto_pc_0__axi_protocol_converter_v2_1_21_b2s_simple_fifo__parameterized1
INFO: [VRFC 10-311] analyzing module system_auto_pc_0__axi_protocol_converter_v2_1_21_b2s_simple_fifo__parameterized2
INFO: [VRFC 10-311] analyzing module system_auto_pc_0__axi_protocol_converter_v2_1_21_b2s_wr_cmd_fsm
INFO: [VRFC 10-311] analyzing module system_auto_pc_0__axi_protocol_converter_v2_1_21_b2s_wrap_cmd
INFO: [VRFC 10-311] analyzing module system_auto_pc_0__axi_protocol_converter_v2_1_21_b2s_wrap_cmd_3
INFO: [VRFC 10-311] analyzing module system_auto_pc_0__axi_register_slice_v2_1_21_axi_register_slice
INFO: [VRFC 10-311] analyzing module system_auto_pc_0__axi_register_slice_v2_1_21_axic_register_slice
INFO: [VRFC 10-311] analyzing module system_auto_pc_0__axi_register_slice_v2_1_21_axic_register_slice_0
INFO: [VRFC 10-311] analyzing module system_auto_pc_0__axi_register_slice_v2_1_21_axic_register_slice__parameterized1
INFO: [VRFC 10-311] analyzing module system_auto_pc_0__axi_register_slice_v2_1_21_axic_register_slice__parameterized2
INFO: [VRFC 10-311] analyzing module system_axi_gpio_0_0
INFO: [VRFC 10-311] analyzing module system_axi_gpio_0_0__GPIO_Core
INFO: [VRFC 10-311] analyzing module system_axi_gpio_0_0__address_decoder
INFO: [VRFC 10-311] analyzing module system_axi_gpio_0_0__axi_gpio
INFO: [VRFC 10-311] analyzing module system_axi_gpio_0_0__axi_lite_ipif
INFO: [VRFC 10-311] analyzing module system_axi_gpio_0_0__pselect_f
INFO: [VRFC 10-311] analyzing module system_axi_gpio_0_0__pselect_f__parameterized1
INFO: [VRFC 10-311] analyzing module system_axi_gpio_0_0__slave_attachment
INFO: [VRFC 10-311] analyzing module system_axi_gpio_0_1
INFO: [VRFC 10-311] analyzing module system_axi_gpio_0_1_GPIO_Core
INFO: [VRFC 10-311] analyzing module system_axi_gpio_0_1_address_decoder
INFO: [VRFC 10-311] analyzing module system_axi_gpio_0_1_axi_gpio
INFO: [VRFC 10-311] analyzing module system_axi_gpio_0_1_axi_lite_ipif
INFO: [VRFC 10-311] analyzing module system_axi_gpio_0_1_pselect_f
INFO: [VRFC 10-311] analyzing module system_axi_gpio_0_1_pselect_f__parameterized1
INFO: [VRFC 10-311] analyzing module system_axi_gpio_0_1_slave_attachment
INFO: [VRFC 10-311] analyzing module system_axis_red_pitaya_adc_0_0
INFO: [VRFC 10-311] analyzing module system_axis_red_pitaya_adc_0_0_axis_red_pitaya_adc
INFO: [VRFC 10-311] analyzing module system_axis_red_pitaya_dac_0_0
INFO: [VRFC 10-311] analyzing module system_axis_red_pitaya_dac_0_0_axis_red_pitaya_dac
INFO: [VRFC 10-311] analyzing module system_c_counter_binary_0_0
INFO: [VRFC 10-311] analyzing module system_clk_wiz_0_0
INFO: [VRFC 10-311] analyzing module system_clk_wiz_0_0_system_clk_wiz_0_0_clk_wiz
INFO: [VRFC 10-311] analyzing module system_processing_system7_0_0
INFO: [VRFC 10-311] analyzing module system_processing_system7_0_0_processing_system7_v5_5_processing_system7
INFO: [VRFC 10-311] analyzing module system_ps7_0_axi_periph_0
INFO: [VRFC 10-311] analyzing module system_rst_ps7_0_125M_0
INFO: [VRFC 10-311] analyzing module system_rst_ps7_0_125M_0_cdc_sync
INFO: [VRFC 10-311] analyzing module system_rst_ps7_0_125M_0_cdc_sync_0
INFO: [VRFC 10-311] analyzing module system_rst_ps7_0_125M_0_lpf
INFO: [VRFC 10-311] analyzing module system_rst_ps7_0_125M_0_proc_sys_reset
INFO: [VRFC 10-311] analyzing module system_rst_ps7_0_125M_0_sequence_psr
INFO: [VRFC 10-311] analyzing module system_rst_ps7_0_125M_0_upcnt_n
INFO: [VRFC 10-311] analyzing module system_signal_split_0_0
INFO: [VRFC 10-311] analyzing module system_util_ds_buf_1_0
INFO: [VRFC 10-311] analyzing module system_util_ds_buf_1_0_util_ds_buf
INFO: [VRFC 10-311] analyzing module system_util_ds_buf_2_0
INFO: [VRFC 10-311] analyzing module system_util_ds_buf_2_0_util_ds_buf
INFO: [VRFC 10-311] analyzing module system_wrapper
INFO: [VRFC 10-311] analyzing module system_xbar_0
INFO: [VRFC 10-311] analyzing module system_xbar_0_axi_crossbar_v2_1_22_addr_arbiter_sasd
INFO: [VRFC 10-311] analyzing module system_xbar_0_axi_crossbar_v2_1_22_axi_crossbar
INFO: [VRFC 10-311] analyzing module system_xbar_0_axi_crossbar_v2_1_22_crossbar_sasd
INFO: [VRFC 10-311] analyzing module system_xbar_0_axi_crossbar_v2_1_22_decerr_slave
INFO: [VRFC 10-311] analyzing module system_xbar_0_axi_crossbar_v2_1_22_splitter
INFO: [VRFC 10-311] analyzing module system_xbar_0_axi_crossbar_v2_1_22_splitter__parameterized0
INFO: [VRFC 10-311] analyzing module system_xbar_0_axi_register_slice_v2_1_21_axic_register_slice
INFO: [VRFC 10-311] analyzing module system_xlconstant_0_0
INFO: [VRFC 10-311] analyzing module system_xlconstant_1_0
INFO: [VRFC 10-311] analyzing module system_xlconstant_2_0
INFO: [VRFC 10-311] analyzing module system_xlslice_0_0
INFO: [VRFC 10-311] analyzing module system_c_counter_binary_0_0_c_counter_binary_v12_0_14
INFO: [VRFC 10-311] analyzing module system_c_counter_binary_0_0_c_addsub_v12_0_14_fabric_legacy
INFO: [VRFC 10-311] analyzing module system_c_counter_binary_0_0_c_addsub_v12_0_14_legacy
INFO: [VRFC 10-311] analyzing module system_c_counter_binary_0_0_c_addsub_v12_0_14_lut6_legacy
INFO: [VRFC 10-311] analyzing module system_c_counter_binary_0_0_c_counter_binary_v12_0_14_legacy
INFO: [VRFC 10-311] analyzing module system_c_counter_binary_0_0_c_counter_binary_v12_0_14_viv
INFO: [VRFC 10-311] analyzing module system_c_counter_binary_0_0_c_reg_fd_v12_0_6_viv
INFO: [VRFC 10-311] analyzing module xVIA
INFO: [VRFC 10-311] analyzing module glbl
